<?xml version="1.0" encoding="UTF-8"?>
<!-- Generated by org.testng.reporters.JUnitReportReporter -->
<testsuite hostname="DESKTOP-A8KBKF9" failures="0" tests="1" name="AutomatizadoMobile.Appium.ScrollDemo" time="11.729" errors="0" timestamp="2024-07-20T15:04:14 BRT" skipped="0">
  <testcase classname="AutomatizadoMobile.Appium.ScrollDemo" name="ScrollGesture" time="11.729"/>
  <system-out/>
</testsuite> <!-- AutomatizadoMobile.Appium.ScrollDemo -->
