<?xml version="1.0" encoding="UTF-8"?>
<!-- Generated by org.testng.reporters.JUnitReportReporter -->
<testsuite hostname="DESKTOP-A8KBKF9" failures="0" tests="1" name="AutomatizadoMobile.Appium.AppiumBasics" time="6.990" errors="0" timestamp="2024-04-26T00:43:54 BRT" skipped="0">
  <testcase classname="AutomatizadoMobile.Appium.AppiumBasics" name="AppiumTest" time="6.990"/>
  <system-out/>
</testsuite> <!-- AutomatizadoMobile.Appium.AppiumBasics -->
