<?xml version="1.0" encoding="UTF-8"?>
<!-- Generated by org.testng.reporters.JUnitReportReporter -->
<testsuite hostname="DESKTOP-A8KBKF9" failures="0" tests="1" name="AutomatizadoMobile.Appium.ScrollDemo" time="10.128" errors="0" timestamp="2024-05-08T00:46:05 BRT" skipped="0">
  <testcase classname="AutomatizadoMobile.Appium.ScrollDemo" name="LongPressGesture" time="10.128"/>
  <system-out/>
</testsuite> <!-- AutomatizadoMobile.Appium.ScrollDemo -->
