<?xml version="1.0" encoding="UTF-8"?>
<!-- Generated by org.testng.reporters.JUnitReportReporter -->
<testsuite hostname="DESKTOP-A8KBKF9" failures="0" tests="1" name="AutomatizadoMobile.Appium.AppiumBasics" time="10.349" errors="0" timestamp="2024-05-01T16:23:16 BRT" skipped="0">
  <testcase classname="AutomatizadoMobile.Appium.AppiumBasics" name="AppiumTest" time="10.349"/>
  <system-out/>
</testsuite> <!-- AutomatizadoMobile.Appium.AppiumBasics -->
